Arguments: 
  /home/lovelace/.nvm/versions/node/v20.3.1/bin/node /mnt/c/Program Files (x86)/Yarn/bin/yarn.js add @rails/request

PATH: 
  /usr/bin/lua:/usr/local/go/bin:/home/lovelace/bin:/home/lovelace/.local/share/nvim/mason/bin:/home/lovelace/.rvm/gems/ruby-3.2.2/bin:/home/lovelace/.rvm/gems/ruby-3.2.2@global/bin:/home/lovelace/.rvm/rubies/ruby-3.2.2/bin:/home/lovelace/.rvm/bin:/home/lovelace/.nvm/versions/node/v20.3.1/bin:/home/lovelace/.cargo/bin:/usr/bin/lua:/usr/local/go/bin:/home/lovelace/bin:/usr/local/sbin:/usr/local/bin:/usr/sbin:/usr/bin:/sbin:/bin:/usr/games:/usr/local/games:/usr/lib/wsl/lib:/mnt/c/Python311/Scripts:/mnt/c/Python311:/mnt/c/src/flutter/bin:/mnt/c/Program Files/Common Files/Oracle/Java/javapath:/mnt/c/Program Files (x86)/Common Files/Oracle/Java/javapath:/mnt/c/app/Administrator/product/21c/dbhomeXE/bin:/mnt/c/WINDOWS/system32:/mnt/c/WINDOWS:/mnt/c/WINDOWS/System32/Wbem:/mnt/c/WINDOWS/System32/WindowsPowerShell/v1.0:/mnt/c/WINDOWS/System32/OpenSSH:/mnt/c/app/sqldeveloper:/mnt/c/Users/Administrator/AppData/Local/Programs/Opera GX:/mnt/c/Program Files/Sublime Text 3:/mnt/c/Program Files/Parsec:/mnt/c/ProgramData/Microsoft/Windows/Start Menu/Programs/DBeaver Community:/mnt/c/ProgramData/chocolatey/bin:/mnt/c/Program Files/Git/cmd:/mnt/c/Program Files/Go/bin:/mnt/c/Program Files (x86)/Yarn/bin:/mnt/c/Program Files/nodejs:/mnt/c/Program Files/starship/bin:/mnt/c/Program Files/dotnet:/mnt/c/Users/Administrator/AppData/Local/Programs/Python/Python310/Scripts:/mnt/c/Users/Administrator/AppData/Local/Programs/Python/Python310:/mnt/c/Users/Administrator/AppData/Local/Microsoft/WindowsApps:/mnt/c/Users/Administrator/AppData/Local/Programs/Microsoft VS Code/bin:/mnt/c/Users/Administrator/AppData/Roaming/Pub/Cache/bin:/mnt/c/src/flutter/bin:/mnt/c/Users/Administrator/go/bin:/mnt/c/Users/Administrator/AppData/Local/Yarn/bin:/mnt/c/tools/neovim/nvim-win64/bin:/mnt/c/Users/Administrator/AppData/Local/Pub/Cache/bin:/mnt/c/ProgramData/chocolatey/lib/mingw/tools/install/mingw64/bin:/mnt/c/Users/Administrator/AppData/Roaming/npm:/mnt/c/Users/Administrator/nvim-win64/bin:/mnt/c/Users/Administrator/.dotnet/tools:/home/lovelace/nvim/bin:/home/lovelace/go/bin:/home/lovelace:/.config/emacs/bin:/home/lovelace/emacs:/home/lovelace/nvim/bin/:/home/lovelace/go/bin:/home/lovelace:/.config/emacs/bin:/home/lovelace/emacs:/home/lovelace/.rvm/bin

Yarn version: 
  1.22.19

Node version: 
  20.3.1

Platform: 
  linux x64

Trace: 
  Error: https://registry.yarnpkg.com/@rails%2frequest: Not found
      at params.callback [as _callback] (/mnt/c/Program Files (x86)/Yarn/lib/cli.js:66145:18)
      at self.callback (/mnt/c/Program Files (x86)/Yarn/lib/cli.js:140890:22)
      at Request.emit (node:events:511:28)
      at Request.<anonymous> (/mnt/c/Program Files (x86)/Yarn/lib/cli.js:141862:10)
      at Request.emit (node:events:511:28)
      at IncomingMessage.<anonymous> (/mnt/c/Program Files (x86)/Yarn/lib/cli.js:141784:12)
      at Object.onceWrapper (node:events:625:28)
      at IncomingMessage.emit (node:events:523:35)
      at endReadableNT (node:internal/streams/readable:1367:12)
      at process.processTicksAndRejections (node:internal/process/task_queues:82:21)

npm manifest: 
  {
    "dependencies": {
      "@tailwindcss/forms": "^0.5.7"
    }
  }

yarn manifest: 
  No manifest

Lockfile: 
  # THIS IS AN AUTOGENERATED FILE. DO NOT EDIT THIS FILE DIRECTLY.
  # yarn lockfile v1
  
  
  "@tailwindcss/forms@^0.5.7":
    version "0.5.7"
    resolved "https://registry.yarnpkg.com/@tailwindcss/forms/-/forms-0.5.7.tgz#db5421f062a757b5f828bc9286ba626c6685e821"
    integrity sha512-QE7X69iQI+ZXwldE+rzasvbJiyV/ju1FGHH0Qn2W3FKbuYtqp8LKcy6iSw79fVUT5/Vvf+0XgLCeYVG+UV6hOw==
    dependencies:
      mini-svg-data-uri "^1.2.3"
  
  mini-svg-data-uri@^1.2.3:
    version "1.4.4"
    resolved "https://registry.yarnpkg.com/mini-svg-data-uri/-/mini-svg-data-uri-1.4.4.tgz#8ab0aabcdf8c29ad5693ca595af19dd2ead09939"
    integrity sha512-r9deDe9p5FJUPZAk3A59wGH7Ii9YrjjWw0jmw/liSbHl2CHiyXj6FcDXDu2K3TjVAXqiJdaw3xxwlZZr9E6nHg==
